00:34:05.543 [main] INFO  - Loading original graph from /Users/seyfal/Desktop/CS441\Cloud/Project\1NetGraph_24-09-23-00-24-15.ngs
00:34:05.594 [main] INFO  - Original graph loaded with 0 nodes
00:34:05.594 [main] INFO  - Loading perturbed graph from /Users/seyfal/Desktop/CS441\Cloud/Project\1NetGraph_24-09-23-00-24-15.ngs.perturbed
00:34:05.594 [main] INFO  - Perturbed graph loaded with 0 nodes
00:39:26.477 [main] INFO  - Loading original graph from /Users/seyfal/Desktop/CS441\Cloud/Project\1NetGraph_24-09-23-00-24-15.ngs
00:39:26.531 [main] INFO  - Original graph loaded with 0 nodes
00:39:26.531 [main] INFO  - Loading perturbed graph from /Users/seyfal/Desktop/CS441\Cloud/Project\1NetGraph_24-09-23-00-24-15.ngs.perturbed
00:39:26.531 [main] INFO  - Perturbed graph loaded with 0 nodes
01:40:23.966 [main] INFO  - Loading original graph from /Users/seyfal/Desktop/CS441\Cloud/Project\1NetGraph_24-09-23-00-24-15.ngs
01:40:24.011 [main] ERROR - Error loading graph from /Users/seyfal/Desktop/CS441\Cloud/Project\1NetGraph_24-09-23-00-24-15.ngs
java.io.FileNotFoundException: /Users/seyfal/Desktop/CS441\Cloud/Project\1NetGraph_24-09-23-00-24-15.ngs (No such file or directory)
	at java.base/java.io.FileInputStream.open0(Native Method)
	at java.base/java.io.FileInputStream.open(FileInputStream.java:219)
	at java.base/java.io.FileInputStream.<init>(FileInputStream.java:158)
	at scala.io.Source$.fromFile(Source.scala:94)
	at scala.io.Source$.fromFile(Source.scala:79)
	at scala.io.Source$.fromFile(Source.scala:57)
	at GraphAnalysis$.loadGraph(GraphAnalysis.scala:32)
	at GraphAnalysis$.main(GraphAnalysis.scala:17)
	at GraphAnalysis.main(GraphAnalysis.scala)
01:41:27.014 [main] INFO  - Loading original graph from /Users/seyfal/Desktop/CS441\Cloud/Project\1NetGraph_24-09-23-00-24-15.ngs.dot
01:41:27.062 [main] ERROR - Error loading graph from /Users/seyfal/Desktop/CS441\Cloud/Project\1NetGraph_24-09-23-00-24-15.ngs.dot
java.io.FileNotFoundException: /Users/seyfal/Desktop/CS441\Cloud/Project\1NetGraph_24-09-23-00-24-15.ngs.dot (No such file or directory)
	at java.base/java.io.FileInputStream.open0(Native Method)
	at java.base/java.io.FileInputStream.open(FileInputStream.java:219)
	at java.base/java.io.FileInputStream.<init>(FileInputStream.java:158)
	at scala.io.Source$.fromFile(Source.scala:94)
	at scala.io.Source$.fromFile(Source.scala:79)
	at scala.io.Source$.fromFile(Source.scala:57)
	at GraphAnalysis$.loadGraph(GraphAnalysis.scala:32)
	at GraphAnalysis$.main(GraphAnalysis.scala:17)
	at GraphAnalysis.main(GraphAnalysis.scala)
01:42:43.889 [main] INFO  - Loading original graph from /Users/seyfal/Desktop/CS441\Cloud/Project\1NetGraph_24-09-23-00-24-15.ngs.dot
01:42:43.937 [main] ERROR - Error loading graph from /Users/seyfal/Desktop/CS441\Cloud/Project\1NetGraph_24-09-23-00-24-15.ngs.dot
java.io.FileNotFoundException: /Users/seyfal/Desktop/CS441\Cloud/Project\1NetGraph_24-09-23-00-24-15.ngs.dot (No such file or directory)
	at java.base/java.io.FileInputStream.open0(Native Method)
	at java.base/java.io.FileInputStream.open(FileInputStream.java:219)
	at java.base/java.io.FileInputStream.<init>(FileInputStream.java:158)
	at scala.io.Source$.fromFile(Source.scala:94)
	at scala.io.Source$.fromFile(Source.scala:79)
	at scala.io.Source$.fromFile(Source.scala:57)
	at GraphAnalysis$.loadGraph(GraphAnalysis.scala:32)
	at GraphAnalysis$.main(GraphAnalysis.scala:17)
	at GraphAnalysis.main(GraphAnalysis.scala)
01:44:08.730 [main] INFO  - Loading original graph from /Users/seyfal/Desktop/CS441/Cloud/Project/1NetGraph_24-09-23-00-24-15.ngs.dot
01:44:08.778 [main] ERROR - Error loading graph from /Users/seyfal/Desktop/CS441/Cloud/Project/1NetGraph_24-09-23-00-24-15.ngs.dot
java.io.FileNotFoundException: /Users/seyfal/Desktop/CS441/Cloud/Project/1NetGraph_24-09-23-00-24-15.ngs.dot (No such file or directory)
	at java.base/java.io.FileInputStream.open0(Native Method)
	at java.base/java.io.FileInputStream.open(FileInputStream.java:219)
	at java.base/java.io.FileInputStream.<init>(FileInputStream.java:158)
	at scala.io.Source$.fromFile(Source.scala:94)
	at scala.io.Source$.fromFile(Source.scala:79)
	at scala.io.Source$.fromFile(Source.scala:57)
	at GraphAnalysis$.loadGraph(GraphAnalysis.scala:32)
	at GraphAnalysis$.main(GraphAnalysis.scala:17)
	at GraphAnalysis.main(GraphAnalysis.scala)
01:49:49.438 [main] INFO  - Loading original graph from /Users/seyfal/Desktop/CS441\Cloud/Project\1NetGraph_25-09-23-01-46-17.ngs
01:49:49.485 [main] ERROR - Error loading graph from /Users/seyfal/Desktop/CS441\Cloud/Project\1NetGraph_25-09-23-01-46-17.ngs
java.io.FileNotFoundException: /Users/seyfal/Desktop/CS441\Cloud/Project\1NetGraph_25-09-23-01-46-17.ngs (No such file or directory)
	at java.base/java.io.FileInputStream.open0(Native Method)
	at java.base/java.io.FileInputStream.open(FileInputStream.java:219)
	at java.base/java.io.FileInputStream.<init>(FileInputStream.java:158)
	at scala.io.Source$.fromFile(Source.scala:94)
	at scala.io.Source$.fromFile(Source.scala:79)
	at scala.io.Source$.fromFile(Source.scala:57)
	at GraphAnalysis$.loadGraph(GraphAnalysis.scala:32)
	at GraphAnalysis$.main(GraphAnalysis.scala:17)
	at GraphAnalysis.main(GraphAnalysis.scala)
01:53:36.643 [main] INFO  - Loading original graph from /Users/seyfal/Desktop/CS441\Cloud/Project\1NetGraph_25-09-23-01-46-17.ngs
02:05:10.926 [main] INFO  - Loading original graph from /Users/seyfal/Desktop/CS441 Cloud/Project 1NetGraph_25-09-23-01-46-17.ngs.dot
02:05:10.977 [main] INFO  - Attempting to load graph from /Users/seyfal/Desktop/CS441 Cloud/Project 1NetGraph_25-09-23-01-46-17.ngs.dot
02:05:10.979 [main] INFO  - Read 153 lines from /Users/seyfal/Desktop/CS441 Cloud/Project 1NetGraph_25-09-23-01-46-17.ngs.dot
02:05:11.001 [main] INFO  - Graph loaded successfully from /Users/seyfal/Desktop/CS441 Cloud/Project 1NetGraph_25-09-23-01-46-17.ngs.dot. It contains 101 nodes.
02:05:11.001 [main] INFO  - Original graph loaded with 101 nodes
02:07:20.089 [main] INFO  - Loading original graph from /Users/seyfal/Desktop/CS441 Cloud/Project 1NetGraph_25-09-23-01-46-17.ngs.dot
02:07:20.139 [main] INFO  - Attempting to load graph from /Users/seyfal/Desktop/CS441 Cloud/Project 1NetGraph_25-09-23-01-46-17.ngs.dot
02:07:20.142 [main] INFO  - Read 153 lines from /Users/seyfal/Desktop/CS441 Cloud/Project 1NetGraph_25-09-23-01-46-17.ngs.dot
02:07:20.164 [main] INFO  - Graph loaded successfully from /Users/seyfal/Desktop/CS441 Cloud/Project 1NetGraph_25-09-23-01-46-17.ngs.dot. It contains 101 nodes.
02:07:20.164 [main] INFO  - Original graph loaded with 101 nodes
02:07:20.164 [main] INFO  - Loading perturbed graph from /Users/seyfal/Desktop/CS441 Cloud/Project 1NetGraph_25-09-23-01-46-17.ngs.perturbed.dot
02:07:20.164 [main] INFO  - Attempting to load graph from /Users/seyfal/Desktop/CS441 Cloud/Project 1NetGraph_25-09-23-01-46-17.ngs.perturbed.dot
02:07:20.164 [main] INFO  - Read 157 lines from /Users/seyfal/Desktop/CS441 Cloud/Project 1NetGraph_25-09-23-01-46-17.ngs.perturbed.dot
02:07:20.166 [main] INFO  - Graph loaded successfully from /Users/seyfal/Desktop/CS441 Cloud/Project 1NetGraph_25-09-23-01-46-17.ngs.perturbed.dot. It contains 96 nodes.
02:07:20.166 [main] INFO  - Perturbed graph loaded with 96 nodes
12:28:50.541 [main] INFO  - Loading original graph from /Users/seyfal/Desktop/CS441 Cloud/Project 1NetGraph_25-09-23-01-46-17.ngs.dot
12:28:50.591 [main] INFO  - Attempting to load graph from /Users/seyfal/Desktop/CS441 Cloud/Project 1NetGraph_25-09-23-01-46-17.ngs.dot
12:28:50.594 [main] INFO  - Read 153 lines from /Users/seyfal/Desktop/CS441 Cloud/Project 1NetGraph_25-09-23-01-46-17.ngs.dot
12:28:50.614 [main] INFO  - Graph loaded successfully from /Users/seyfal/Desktop/CS441 Cloud/Project 1NetGraph_25-09-23-01-46-17.ngs.dot. It contains 101 nodes.
12:28:50.614 [main] INFO  - Original graph loaded with 101 nodes
12:28:50.615 [main] INFO  - Loading perturbed graph from /Users/seyfal/Desktop/CS441 Cloud/Project 1NetGraph_25-09-23-01-46-17.ngs.perturbed.dot
12:28:50.615 [main] INFO  - Attempting to load graph from /Users/seyfal/Desktop/CS441 Cloud/Project 1NetGraph_25-09-23-01-46-17.ngs.perturbed.dot
12:28:50.615 [main] INFO  - Read 157 lines from /Users/seyfal/Desktop/CS441 Cloud/Project 1NetGraph_25-09-23-01-46-17.ngs.perturbed.dot
12:28:50.617 [main] INFO  - Graph loaded successfully from /Users/seyfal/Desktop/CS441 Cloud/Project 1NetGraph_25-09-23-01-46-17.ngs.perturbed.dot. It contains 96 nodes.
12:28:50.617 [main] INFO  - Perturbed graph loaded with 96 nodes
12:38:39.209 [main] INFO  - Loading original graph from /Users/seyfal/Desktop/CS441 Cloud/Project 1NetGraph_25-09-23-01-46-17.ngs.dot
12:38:39.256 [main] INFO  - Attempting to load graph from /Users/seyfal/Desktop/CS441 Cloud/Project 1NetGraph_25-09-23-01-46-17.ngs.dot
12:38:39.259 [main] INFO  - Read 153 lines from /Users/seyfal/Desktop/CS441 Cloud/Project 1NetGraph_25-09-23-01-46-17.ngs.dot
12:38:39.279 [main] INFO  - Graph loaded successfully from /Users/seyfal/Desktop/CS441 Cloud/Project 1NetGraph_25-09-23-01-46-17.ngs.dot. It contains 101 nodes.
12:38:39.279 [main] INFO  - Original graph loaded with 101 nodes
12:38:39.279 [main] INFO  - Loading perturbed graph from /Users/seyfal/Desktop/CS441 Cloud/Project 1NetGraph_25-09-23-01-46-17.ngs.perturbed.dot
12:38:39.279 [main] INFO  - Attempting to load graph from /Users/seyfal/Desktop/CS441 Cloud/Project 1NetGraph_25-09-23-01-46-17.ngs.perturbed.dot
12:38:39.279 [main] INFO  - Read 157 lines from /Users/seyfal/Desktop/CS441 Cloud/Project 1NetGraph_25-09-23-01-46-17.ngs.perturbed.dot
12:38:39.281 [main] INFO  - Graph loaded successfully from /Users/seyfal/Desktop/CS441 Cloud/Project 1NetGraph_25-09-23-01-46-17.ngs.perturbed.dot. It contains 96 nodes.
12:38:39.282 [main] INFO  - Perturbed graph loaded with 96 nodes
12:38:39.282 [main] INFO  - First 10 nodes of the original graph:
12:38:39.283 [main] INFO  - 80 -> 62
12:38:39.284 [main] INFO  - 28 -> 79, 38
12:38:39.284 [main] INFO  - 45 -> 15, 80
12:38:39.284 [main] INFO  - 98 -> 3
12:38:39.284 [main] INFO  - 34 -> 78, 30
12:38:39.284 [main] INFO  - 67 -> 57
12:38:39.284 [main] INFO  - 93 -> 26
12:38:39.284 [main] INFO  - 12 -> 28
12:38:39.284 [main] INFO  - 66 -> 29, 12, 40, 18
12:38:39.284 [main] INFO  - 89 -> 30
12:38:39.284 [main] INFO  - First 10 nodes of the perturbed graph:
12:38:39.284 [main] INFO  - 80 -> 62
12:38:39.284 [main] INFO  - 75 -> 47, 94, 30
12:38:39.284 [main] INFO  - 28 -> 107, 79, 38
12:38:39.284 [main] INFO  - 45 -> 15, 51, 80
12:38:39.284 [main] INFO  - 98 -> 3
12:38:39.284 [main] INFO  - 34 -> 78, 30
12:38:39.284 [main] INFO  - 67 -> 57
12:38:39.284 [main] INFO  - 12 -> 28
12:38:39.284 [main] INFO  - 66 -> 29, 12, 40, 18
12:38:39.284 [main] INFO  - 89 -> 30
